<?xml version="1.0" encoding="UTF-8"?>
<!-- Generated by org.testng.reporters.JUnitXMLReporter -->
<testsuite ignored="0" hostname="THRINATH" failures="2" tests="4" name="Test2" time="52.722" errors="0" timestamp="2024-10-29T12:13:55 IST">
  <testcase classname="TestNgAssignment.GiftTNg" name="clickgift" time="2.087">
    <failure type="java.lang.AssertionError" message="Gift Cards page not loaded expected [Demo Shop. Gift Cards] but found [Demo Web Shop. Gift Cards]">
      <![CDATA[java.lang.AssertionError: Gift Cards page not loaded expected [Demo Shop. Gift Cards] but found [Demo Web Shop. Gift Cards]
at TestNgAssignment.GiftTNg.clickgift(GiftTNg.java:18)
at java.base/java.util.ArrayList.forEach(ArrayList.java:1597)
... Removed 30 stack frames]]>
    </failure>
  </testcase> <!-- clickgift -->
  <testcase classname="TestNgAssignment.ComputersTNg" name="clickcomputer" time="2.034">
    <failure type="java.lang.AssertionError" message="Computers page not loaded expected [Demo Web Shop. Compute] but found [Demo Web Shop. Computers]">
      <![CDATA[java.lang.AssertionError: Computers page not loaded expected [Demo Web Shop. Compute] but found [Demo Web Shop. Computers]
at TestNgAssignment.ComputersTNg.clickcomputer(ComputersTNg.java:19)
at java.base/java.util.ArrayList.forEach(ArrayList.java:1597)
... Removed 30 stack frames]]>
    </failure>
  </testcase> <!-- clickcomputer -->
  <testcase classname="TestNgAssignment.BooksTNg" name="clickbooks" time="2.183"/>
  <testcase classname="TestNgAssignment.ElectronicsTNg" name="clickelectronic" time="2.913"/>
</testsuite> <!-- Test2 -->
