<?xml version="1.0" encoding="UTF-8"?>
<!-- Generated by org.testng.reporters.JUnitXMLReporter -->
<testsuite ignored="0" hostname="THRINATH" failures="0" tests="4" name="Test" time="30.288" errors="0" timestamp="2024-10-28T22:00:03 IST">
  <testcase classname="TestNgAssignment.GiftTNg" name="clickgift" time="0.63"/>
  <testcase classname="TestNgAssignment.ComputersTNg" name="clickcomputer" time="0.571"/>
  <testcase classname="TestNgAssignment.BooksTNg" name="clickbooks" time="1.223"/>
  <testcase classname="TestNgAssignment.ElectronicsTNg" name="clickelectronic" time="0.563"/>
</testsuite> <!-- Test -->
